<?xml version="1.0" encoding="UTF-8"?>
<!-- Generated by org.testng.reporters.JUnitReportReporter -->
<testsuite hostname="DESKTOP-SH3BACH" failures="0" tests="2" name="SecondAutoTestCases" time="8.334" errors="0" timestamp="2024-06-03T14:57:47 EET" skipped="0">
  <testcase classname="SecondAutoTestCases" name="signUp" time="4.429"/>
  <system-out/>
  <testcase classname="SecondAutoTestCases" name="Login" time="3.905"/>
  <system-out/>
</testsuite> <!-- SecondAutoTestCases -->
